# JRE version: OpenJDK Runtime Environment (8.0_152-b01) (build 1.8.0_152-release-915-b01)
# Java VM: OpenJDK 64-Bit Server VM (25.152-b01 mixed mode windows-amd64 compressed oops)
Heap:
 PSYoungGen      total 128000K, used 127999K [0x00000000e0000000, 0x00000000ea480000, 0x0000000100000000)
  eden space 115200K, 100% used [0x00000000e0000000,0x00000000e7080000,0x00000000e7080000)
  from space 12800K, 99% used [0x00000000e7080000,0x00000000e7cffd88,0x00000000e7d00000)
  to   space 15360K, 99% used [0x00000000e9580000,0x00000000ea47f970,0x00000000ea480000)
 ParOldGen       total 111104K, used 27015K [0x00000000a0000000, 0x00000000a6c80000, 0x00000000e0000000)
  object space 111104K, 24% used [0x00000000a0000000,0x00000000a1a61ec0,0x00000000a6c80000)
 Metaspace       used 56695K, capacity 58438K, committed 58712K, reserved 1099776K
  class space    used 7638K, capacity 8048K, committed 8064K, reserved 1048576K
GC Heap History (10 events):
Event: 10.865 GC heap after
Heap after GC invocations=7 (full 1):
 PSYoungGen      total 97280K, used 7886K [0x00000000e0000000, 0x00000000e6b00000, 0x0000000100000000)
  eden space 89088K, 0% used [0x00000000e0000000,0x00000000e0000000,0x00000000e5700000)
  from space 8192K, 96% used [0x00000000e6300000,0x00000000e6ab39e8,0x00000000e6b00000)
  to   space 10240K, 0% used [0x00000000e5700000,0x00000000e5700000,0x00000000e6100000)
 ParOldGen       total 68096K, used 11008K [0x00000000a0000000, 0x00000000a4280000, 0x00000000e0000000)
  object space 68096K, 16% used [0x00000000a0000000,0x00000000a0ac00b0,0x00000000a4280000)
 Metaspace       used 30142K, capacity 30838K, committed 30976K, reserved 1075200K
  class space    used 4106K, capacity 4321K, committed 4352K, reserved 1048576K
}
Event: 13.951 GC heap before
{Heap before GC invocations=8 (full 1):
 PSYoungGen      total 97280K, used 61994K [0x00000000e0000000, 0x00000000e6b00000, 0x0000000100000000)
  eden space 89088K, 60% used [0x00000000e0000000,0x00000000e34d71f0,0x00000000e5700000)
  from space 8192K, 96% used [0x00000000e6300000,0x00000000e6ab39e8,0x00000000e6b00000)
  to   space 10240K, 0% used [0x00000000e5700000,0x00000000e5700000,0x00000000e6100000)
 ParOldGen       total 68096K, used 11008K [0x00000000a0000000, 0x00000000a4280000, 0x00000000e0000000)
  object space 68096K, 16% used [0x00000000a0000000,0x00000000a0ac00b0,0x00000000a4280000)
 Metaspace       used 34486K, capacity 35232K, committed 35416K, reserved 1079296K
  class space    used 4686K, capacity 4963K, committed 4992K, reserved 1048576K
Event: 13.966 GC heap after
Heap after GC invocations=8 (full 1):
 PSYoungGen      total 99328K, used 9664K [0x00000000e0000000, 0x00000000e8800000, 0x0000000100000000)
  eden space 89088K, 0% used [0x00000000e0000000,0x00000000e0000000,0x00000000e5700000)
  from space 10240K, 94% used [0x00000000e5700000,0x00000000e60702c8,0x00000000e6100000)
  to   space 11264K, 0% used [0x00000000e7d00000,0x00000000e7d00000,0x00000000e8800000)
 ParOldGen       total 68096K, used 11080K [0x00000000a0000000, 0x00000000a4280000, 0x00000000e0000000)
  object space 68096K, 16% used [0x00000000a0000000,0x00000000a0ad20c0,0x00000000a4280000)
 Metaspace       used 34486K, capacity 35232K, committed 35416K, reserved 1079296K
  class space    used 4686K, capacity 4963K, committed 4992K, reserved 1048576K
}
Event: 13.966 GC heap before
{Heap before GC invocations=9 (full 2):
 PSYoungGen      total 99328K, used 9664K [0x00000000e0000000, 0x00000000e8800000, 0x0000000100000000)
  eden space 89088K, 0% used [0x00000000e0000000,0x00000000e0000000,0x00000000e5700000)
  from space 10240K, 94% used [0x00000000e5700000,0x00000000e60702c8,0x00000000e6100000)
  to   space 11264K, 0% used [0x00000000e7d00000,0x00000000e7d00000,0x00000000e8800000)
 ParOldGen       total 68096K, used 11080K [0x00000000a0000000, 0x00000000a4280000, 0x00000000e0000000)
  object space 68096K, 16% used [0x00000000a0000000,0x00000000a0ad20c0,0x00000000a4280000)
 Metaspace       used 34486K, capacity 35232K, committed 35416K, reserved 1079296K
  class space    used 4686K, capacity 4963K, committed 4992K, reserved 1048576K
Event: 14.094 GC heap after
Heap after GC invocations=9 (full 2):
 PSYoungGen      total 99328K, used 0K [0x00000000e0000000, 0x00000000e8800000, 0x0000000100000000)
  eden space 89088K, 0% used [0x00000000e0000000,0x00000000e0000000,0x00000000e5700000)
  from space 10240K, 0% used [0x00000000e5700000,0x00000000e5700000,0x00000000e6100000)
  to   space 11264K, 0% used [0x00000000e7d00000,0x00000000e7d00000,0x00000000e8800000)
 ParOldGen       total 111104K, used 15813K [0x00000000a0000000, 0x00000000a6c80000, 0x00000000e0000000)
  object space 111104K, 14% used [0x00000000a0000000,0x00000000a0f716e0,0x00000000a6c80000)
 Metaspace       used 34486K, capacity 35232K, committed 35416K, reserved 1079296K
  class space    used 4686K, capacity 4963K, committed 4992K, reserved 1048576K
}
Event: 16.272 GC heap before
{Heap before GC invocations=10 (full 2):
 PSYoungGen      total 99328K, used 89088K [0x00000000e0000000, 0x00000000e8800000, 0x0000000100000000)
  eden space 89088K, 100% used [0x00000000e0000000,0x00000000e5700000,0x00000000e5700000)
  from space 10240K, 0% used [0x00000000e5700000,0x00000000e5700000,0x00000000e6100000)
  to   space 11264K, 0% used [0x00000000e7d00000,0x00000000e7d00000,0x00000000e8800000)
 ParOldGen       total 111104K, used 15813K [0x00000000a0000000, 0x00000000a6c80000, 0x00000000e0000000)
  object space 111104K, 14% used [0x00000000a0000000,0x00000000a0f716e0,0x00000000a6c80000)
 Metaspace       used 40591K, capacity 41424K, committed 41816K, reserved 1085440K
  class space    used 5387K, capacity 5671K, committed 5760K, reserved 1048576K
Event: 16.297 GC heap after
Heap after GC invocations=10 (full 2):
 PSYoungGen      total 126464K, used 11248K [0x00000000e0000000, 0x00000000e8e00000, 0x0000000100000000)
  eden space 115200K, 0% used [0x00000000e0000000,0x00000000e0000000,0x00000000e7080000)
  from space 11264K, 99% used [0x00000000e7d00000,0x00000000e87fc1d8,0x00000000e8800000)
  to   space 12800K, 0% used [0x00000000e7080000,0x00000000e7080000,0x00000000e7d00000)
 ParOldGen       total 111104K, used 16338K [0x00000000a0000000, 0x00000000a6c80000, 0x00000000e0000000)
  object space 111104K, 14% used [0x00000000a0000000,0x00000000a0ff4b90,0x00000000a6c80000)
 Metaspace       used 40591K, capacity 41424K, committed 41816K, reserved 1085440K
  class space    used 5387K, capacity 5671K, committed 5760K, reserved 1048576K
}
Event: 21.247 GC heap before
{Heap before GC invocations=11 (full 2):
 PSYoungGen      total 126464K, used 126448K [0x00000000e0000000, 0x00000000e8e00000, 0x0000000100000000)
  eden space 115200K, 100% used [0x00000000e0000000,0x00000000e7080000,0x00000000e7080000)
  from space 11264K, 99% used [0x00000000e7d00000,0x00000000e87fc1d8,0x00000000e8800000)
  to   space 12800K, 0% used [0x00000000e7080000,0x00000000e7080000,0x00000000e7d00000)
 ParOldGen       total 111104K, used 16338K [0x00000000a0000000, 0x00000000a6c80000, 0x00000000e0000000)
  object space 111104K, 14% used [0x00000000a0000000,0x00000000a0ff4b90,0x00000000a6c80000)
 Metaspace       used 50089K, capacity 51634K, committed 51800K, reserved 1093632K
  class space    used 6761K, capacity 7173K, committed 7296K, reserved 1048576K
Event: 21.278 GC heap after
Heap after GC invocations=11 (full 2):
 PSYoungGen      total 128000K, used 12799K [0x00000000e0000000, 0x00000000ea480000, 0x0000000100000000)
  eden space 115200K, 0% used [0x00000000e0000000,0x00000000e0000000,0x00000000e7080000)
  from space 12800K, 99% used [0x00000000e7080000,0x00000000e7cffd88,0x00000000e7d00000)
  to   space 15360K, 0% used [0x00000000e9580000,0x00000000e9580000,0x00000000ea480000)
 ParOldGen       total 111104K, used 19711K [0x00000000a0000000, 0x00000000a6c80000, 0x00000000e0000000)
  object space 111104K, 17% used [0x00000000a0000000,0x00000000a133fe58,0x00000000a6c80000)
 Metaspace       used 50089K, capacity 51634K, committed 51800K, reserved 1093632K
  class space    used 6761K, capacity 7173K, committed 7296K, reserved 1048576K
}
Event: 29.573 GC heap before
{Heap before GC invocations=12 (full 2):
 PSYoungGen      total 128000K, used 127999K [0x00000000e0000000, 0x00000000ea480000, 0x0000000100000000)
  eden space 115200K, 100% used [0x00000000e0000000,0x00000000e7080000,0x00000000e7080000)
  from space 12800K, 99% used [0x00000000e7080000,0x00000000e7cffd88,0x00000000e7d00000)
  to   space 15360K, 0% used [0x00000000e9580000,0x00000000e9580000,0x00000000ea480000)
 ParOldGen       total 111104K, used 19711K [0x00000000a0000000, 0x00000000a6c80000, 0x00000000e0000000)
  object space 111104K, 17% used [0x00000000a0000000,0x00000000a133fe58,0x00000000a6c80000)
 Metaspace       used 56695K, capacity 58438K, committed 58712K, reserved 1099776K
  class space    used 7638K, capacity 8048K, committed 8064K, reserved 1048576K

